==============================================
Job Array Task: 1
Experiment:     price_usd
Running:        baseline_price_usd_tft.py
Host:           gecko-01
Started at:     Wed 14 Jan 19:52:43 GMT 2026
==============================================
============================================================
CUDA available: True
GPU: NVIDIA A10
SLURM_CPUS = 8
NUM_WORKERS = 4, PIN_MEMORY = True
ENV_MAX_EPOCHS=60, ENV_PATIENCE=8, ENV_N_TRIALS=300
ENV_BATCH_SIZE=64, ENV_SKIP_BASELINE_FIT=True
============================================================

--- nvidia-smi ---
Wed Jan 14 19:52:48 2026       
+-----------------------------------------------------------------------------------------+
| NVIDIA-SMI 580.119.02             Driver Version: 580.119.02     CUDA Version: 13.0     |
+-----------------------------------------+------------------------+----------------------+
| GPU  Name                 Persistence-M | Bus-Id          Disp.A | Volatile Uncorr. ECC |
| Fan  Temp   Perf          Pwr:Usage/Cap |           Memory-Usage | GPU-Util  Compute M. |
|                                         |                        |               MIG M. |
|=========================================+========================+======================|
|   0  NVIDIA A10                     On  |   00000000:E1:00.0 Off |                    0 |
|  0%   45C    P8             18W /  150W |       3MiB /  23028MiB |      0%      Default |
|                                         |                        |                  N/A |
+-----------------------------------------+------------------------+----------------------+

+-----------------------------------------------------------------------------------------+
| Processes:                                                                              |
|  GPU   GI   CI              PID   Type   Process name                        GPU Memory |
|        ID   ID                                                               Usage      |
|=========================================================================================|
|  No running processes found                                                             |
+-----------------------------------------------------------------------------------------+

train 2953: 2010-01-04 → 2021-04-28 | val 521: 2021-04-29 → 2023-04-27 | test 612: 2023-04-28 → 2025-09-01
Cutoffs (time_idx): train_cutoff=2952, val_cutoff=3473
Samples | train: 2893 | val: 521 | test: 612
MAE              : 0.1807
RMSE             : 0.6157
MAPE             : 5.68%
Directional Acc. : 44.35%
[trial 000] ✅ COMPLETED in 108.2s | best val_loss=0.2565
MAE              : 0.1887
RMSE             : 0.6644
MAPE             : 5.84%
Directional Acc. : 45.99%
[trial 001] ✅ COMPLETED in 61.7s | best val_loss=0.4410
MAE              : 0.2001
RMSE             : 0.6342
MAPE             : 6.90%
Directional Acc. : 43.37%
[trial 002] ✅ COMPLETED in 109.4s | best val_loss=0.4658
MAE              : 0.1924
RMSE             : 0.6372
MAPE             : 6.46%
Directional Acc. : 45.99%
[trial 003] ✅ COMPLETED in 63.4s | best val_loss=0.3771
MAE              : 0.1892
RMSE             : 0.6577
MAPE             : 6.16%
Directional Acc. : 42.23%
[trial 004] ✅ COMPLETED in 152.6s | best val_loss=0.3735
MAE              : 0.1767
RMSE             : 0.6220
MAPE             : 5.47%
Directional Acc. : 43.86%
[trial 006] ✅ COMPLETED in 153.1s | best val_loss=0.3114
MAE              : 0.2052
RMSE             : 0.6487
MAPE             : 6.96%
Directional Acc. : 44.68%
[trial 013] ✅ COMPLETED in 113.8s | best val_loss=0.3411
MAE              : 0.1856
RMSE             : 0.6141
MAPE             : 6.04%
Directional Acc. : 44.35%
[trial 015] ✅ COMPLETED in 57.1s | best val_loss=0.3467
MAE              : 0.1883
RMSE             : 0.6235
MAPE             : 6.11%
Directional Acc. : 46.48%
[trial 020] ✅ COMPLETED in 161.5s | best val_loss=0.3211
MAE              : 0.1860
RMSE             : 0.6210
MAPE             : 6.01%
Directional Acc. : 44.19%
[trial 021] ✅ COMPLETED in 119.8s | best val_loss=0.3329
MAE              : 0.1970
RMSE             : 0.6125
MAPE             : 6.75%
Directional Acc. : 44.52%
[trial 022] ✅ COMPLETED in 112.6s | best val_loss=0.3151
MAE              : 0.1881
RMSE             : 0.6191
MAPE             : 6.24%
Directional Acc. : 44.19%
[trial 023] ✅ COMPLETED in 103.7s | best val_loss=0.3546
MAE              : 0.2063
RMSE             : 0.6170
MAPE             : 7.22%
Directional Acc. : 45.66%
[trial 024] ✅ COMPLETED in 115.9s | best val_loss=0.2866
MAE              : 0.1812
RMSE             : 0.6432
MAPE             : 5.64%
Directional Acc. : 44.52%
[trial 025] ✅ COMPLETED in 125.0s | best val_loss=0.2772
MAE              : 0.1841
RMSE             : 0.6308
MAPE             : 5.83%
Directional Acc. : 45.01%
[trial 026] ✅ COMPLETED in 130.7s | best val_loss=0.3236
MAE              : 0.1897
RMSE             : 0.6255
MAPE             : 6.13%
Directional Acc. : 44.84%
[trial 028] ✅ COMPLETED in 131.4s | best val_loss=0.3077
MAE              : 0.1862
RMSE             : 0.6364
MAPE             : 6.03%
Directional Acc. : 45.66%
[trial 031] ✅ COMPLETED in 133.0s | best val_loss=0.2945
MAE              : 0.1882
RMSE             : 0.6136
MAPE             : 6.13%
Directional Acc. : 45.01%
[trial 032] ✅ COMPLETED in 212.7s | best val_loss=0.3075
MAE              : 0.2282
RMSE             : 0.6327
MAPE             : 8.30%
Directional Acc. : 45.17%
[trial 034] ✅ COMPLETED in 76.4s | best val_loss=0.3618
MAE              : 0.1788
RMSE             : 0.5940
MAPE             : 5.87%
Directional Acc. : 44.52%
[trial 042] ✅ COMPLETED in 134.2s | best val_loss=0.2632
MAE              : 0.1909
RMSE             : 0.6294
MAPE             : 6.32%
Directional Acc. : 45.01%
[trial 043] ✅ COMPLETED in 134.9s | best val_loss=0.2901
MAE              : 0.1971
RMSE             : 0.6119
MAPE             : 6.91%
Directional Acc. : 45.17%
[trial 046] ✅ COMPLETED in 117.1s | best val_loss=0.3290
MAE              : 0.2021
RMSE             : 0.6915
MAPE             : 6.51%
Directional Acc. : 44.35%
[trial 047] ✅ COMPLETED in 124.0s | best val_loss=0.3006
MAE              : 0.1881
RMSE             : 0.6201
MAPE             : 6.14%
Directional Acc. : 44.84%
[trial 051] ✅ COMPLETED in 123.7s | best val_loss=0.2899
MAE              : 0.1970
RMSE             : 0.6156
MAPE             : 6.22%
Directional Acc. : 45.17%
[trial 052] ✅ COMPLETED in 158.1s | best val_loss=0.2651
MAE              : 0.1900
RMSE             : 0.6335
MAPE             : 6.19%
Directional Acc. : 44.03%
[trial 053] ✅ COMPLETED in 124.5s | best val_loss=0.2928
MAE              : 0.1974
RMSE             : 0.6538
MAPE             : 6.29%
Directional Acc. : 46.48%
[trial 061] ✅ COMPLETED in 147.9s | best val_loss=0.3026
MAE              : 0.1996
RMSE             : 0.6080
MAPE             : 7.01%
Directional Acc. : 45.17%
[trial 062] ✅ COMPLETED in 95.1s | best val_loss=0.2888
MAE              : 0.1931
RMSE             : 0.6059
MAPE             : 6.40%
Directional Acc. : 43.86%
[trial 063] ✅ COMPLETED in 110.9s | best val_loss=0.2938
MAE              : 0.1888
RMSE             : 0.6442
MAPE             : 6.25%
Directional Acc. : 44.84%
[trial 064] ✅ COMPLETED in 81.3s | best val_loss=0.3247
MAE              : 0.1739
RMSE             : 0.6125
MAPE             : 5.54%
Directional Acc. : 45.17%
[trial 065] ✅ COMPLETED in 112.8s | best val_loss=0.2941
MAE              : 0.2076
RMSE             : 0.6617
MAPE             : 7.37%
Directional Acc. : 45.17%
[trial 067] ✅ COMPLETED in 89.5s | best val_loss=0.2793
MAE              : 0.1983
RMSE             : 0.5979
MAPE             : 6.81%
Directional Acc. : 44.52%
[trial 074] ✅ COMPLETED in 119.2s | best val_loss=0.3025
MAE              : 0.2020
RMSE             : 0.6161
MAPE             : 6.43%
Directional Acc. : 44.19%
[trial 082] ✅ COMPLETED in 161.2s | best val_loss=0.2726
MAE              : 0.1809
RMSE             : 0.6009
MAPE             : 5.89%
Directional Acc. : 45.01%
[trial 083] ✅ COMPLETED in 113.0s | best val_loss=0.2992
MAE              : 0.1812
RMSE             : 0.6347
MAPE             : 5.66%
Directional Acc. : 45.83%
[trial 084] ✅ COMPLETED in 137.9s | best val_loss=0.2758
MAE              : 0.1887
RMSE             : 0.6562
MAPE             : 6.16%
Directional Acc. : 44.03%
[trial 088] ✅ COMPLETED in 126.2s | best val_loss=0.3023
MAE              : 0.1918
RMSE             : 0.6218
MAPE             : 6.07%
Directional Acc. : 45.99%
[trial 091] ✅ COMPLETED in 143.4s | best val_loss=0.2849
MAE              : 0.1741
RMSE             : 0.5703
MAPE             : 5.61%
Directional Acc. : 43.86%
[trial 093] ✅ COMPLETED in 170.7s | best val_loss=0.2828
MAE              : 0.1860
RMSE             : 0.6508
MAPE             : 6.13%
Directional Acc. : 45.17%
[trial 094] ✅ COMPLETED in 131.8s | best val_loss=0.2716
MAE              : 0.1781
RMSE             : 0.5964
MAPE             : 5.67%
Directional Acc. : 45.34%
[trial 095] ✅ COMPLETED in 85.2s | best val_loss=0.2969
MAE              : 0.1796
RMSE             : 0.5959
MAPE             : 5.84%
Directional Acc. : 45.01%
[trial 096] ✅ COMPLETED in 128.8s | best val_loss=0.2657
MAE              : 0.1746
RMSE             : 0.6020
MAPE             : 5.46%
Directional Acc. : 45.01%
[trial 097] ✅ COMPLETED in 86.5s | best val_loss=0.2857
MAE              : 0.1767
RMSE             : 0.5879
MAPE             : 5.89%
Directional Acc. : 45.66%
[trial 098] ✅ COMPLETED in 97.1s | best val_loss=0.2961
MAE              : 0.1816
RMSE             : 0.6017
MAPE             : 5.88%
Directional Acc. : 44.68%
[trial 101] ✅ COMPLETED in 101.2s | best val_loss=0.2970
MAE              : 0.1798
RMSE             : 0.5910
MAPE             : 5.76%
Directional Acc. : 45.83%
[trial 102] ✅ COMPLETED in 162.8s | best val_loss=0.3037
MAE              : 0.1860
RMSE             : 0.6072
MAPE             : 6.28%
Directional Acc. : 45.83%
[trial 111] ✅ COMPLETED in 94.8s | best val_loss=0.3004
MAE              : 0.1776
RMSE             : 0.5826
MAPE             : 5.97%
Directional Acc. : 45.50%
[trial 112] ✅ COMPLETED in 96.5s | best val_loss=0.2820
MAE              : 0.1786
RMSE             : 0.5921
MAPE             : 5.83%
Directional Acc. : 45.50%
[trial 113] ✅ COMPLETED in 101.1s | best val_loss=0.3142
MAE              : 0.1821
RMSE             : 0.5893
MAPE             : 6.09%
Directional Acc. : 44.84%
[trial 115] ✅ COMPLETED in 114.8s | best val_loss=0.3020
MAE              : 0.2057
RMSE             : 0.6271
MAPE             : 6.65%
Directional Acc. : 45.17%
[trial 117] ✅ COMPLETED in 119.3s | best val_loss=0.3213
MAE              : 0.1788
RMSE             : 0.5992
MAPE             : 5.87%
Directional Acc. : 44.52%
[trial 121] ✅ COMPLETED in 101.3s | best val_loss=0.3088
MAE              : 0.2556
RMSE             : 0.6318
MAPE             : 9.48%
Directional Acc. : 44.84%
[trial 125] ✅ COMPLETED in 66.3s | best val_loss=0.3252
MAE              : 0.1826
RMSE             : 0.6329
MAPE             : 5.98%
Directional Acc. : 45.01%
[trial 127] ✅ COMPLETED in 72.9s | best val_loss=0.2952
MAE              : 0.1888
RMSE             : 0.6173
MAPE             : 6.07%
Directional Acc. : 44.03%
[trial 134] ✅ COMPLETED in 107.6s | best val_loss=0.2503
MAE              : 0.1791
RMSE             : 0.5744
MAPE             : 6.09%
Directional Acc. : 45.34%
[trial 135] ✅ COMPLETED in 140.3s | best val_loss=0.2579
MAE              : 0.1707
RMSE             : 0.5756
MAPE             : 5.55%
Directional Acc. : 44.35%
[trial 136] ✅ COMPLETED in 139.0s | best val_loss=0.2702
MAE              : 0.1862
RMSE             : 0.6100
MAPE             : 6.13%
Directional Acc. : 44.52%
[trial 137] ✅ COMPLETED in 119.4s | best val_loss=0.2497
MAE              : 0.1989
RMSE             : 0.6050
MAPE             : 6.71%
Directional Acc. : 45.01%
[trial 138] ✅ COMPLETED in 122.6s | best val_loss=0.2648
MAE              : 0.1822
RMSE             : 0.6111
MAPE             : 5.85%
Directional Acc. : 45.01%
[trial 140] ✅ COMPLETED in 103.1s | best val_loss=0.2829
MAE              : 0.1929
RMSE             : 0.6106
MAPE             : 6.44%
Directional Acc. : 45.01%
[trial 141] ✅ COMPLETED in 118.8s | best val_loss=0.2619
MAE              : 0.1907
RMSE             : 0.6122
MAPE             : 6.13%
Directional Acc. : 45.66%
[trial 142] ✅ COMPLETED in 107.6s | best val_loss=0.2650
MAE              : 0.1946
RMSE             : 0.6119
MAPE             : 6.49%
Directional Acc. : 45.01%
[trial 143] ✅ COMPLETED in 145.2s | best val_loss=0.2768
MAE              : 0.1896
RMSE             : 0.5868
MAPE             : 6.68%
Directional Acc. : 45.34%
[trial 144] ✅ COMPLETED in 175.9s | best val_loss=0.2734
MAE              : 0.1807
RMSE             : 0.6087
MAPE             : 5.80%
Directional Acc. : 43.70%
[trial 146] ✅ COMPLETED in 120.0s | best val_loss=0.2686
MAE              : 0.1909
RMSE             : 0.6044
MAPE             : 6.53%
Directional Acc. : 44.35%
[trial 147] ✅ COMPLETED in 167.5s | best val_loss=0.2547
MAE              : 0.1845
RMSE             : 0.6101
MAPE             : 6.03%
Directional Acc. : 45.17%
[trial 148] ✅ COMPLETED in 188.7s | best val_loss=0.2611
MAE              : 0.1795
RMSE             : 0.5987
MAPE             : 6.04%
Directional Acc. : 45.83%
[trial 149] ✅ COMPLETED in 176.4s | best val_loss=0.2687
MAE              : 0.1802
RMSE             : 0.6108
MAPE             : 5.86%
Directional Acc. : 42.72%
[trial 153] ✅ COMPLETED in 142.5s | best val_loss=0.2789
MAE              : 0.1906
RMSE             : 0.6039
MAPE             : 6.35%
Directional Acc. : 44.68%
[trial 155] ✅ COMPLETED in 116.8s | best val_loss=0.2802
MAE              : 0.1746
RMSE             : 0.5924
MAPE             : 5.63%
Directional Acc. : 44.35%
[trial 157] ✅ COMPLETED in 130.3s | best val_loss=0.2504
MAE              : 0.1811
RMSE             : 0.6099
MAPE             : 5.97%
Directional Acc. : 44.52%
[trial 161] ✅ COMPLETED in 141.2s | best val_loss=0.2634
MAE              : 0.1859
RMSE             : 0.6112
MAPE             : 6.17%
Directional Acc. : 44.52%
[trial 163] ✅ COMPLETED in 134.6s | best val_loss=0.2811
MAE              : 0.1933
RMSE             : 0.6035
MAPE             : 6.61%
Directional Acc. : 44.68%
[trial 164] ✅ COMPLETED in 119.0s | best val_loss=0.2814
MAE              : 0.1928
RMSE             : 0.6168
MAPE             : 6.63%
Directional Acc. : 45.01%
[trial 165] ✅ COMPLETED in 68.2s | best val_loss=0.3193
MAE              : 0.1803
RMSE             : 0.5958
MAPE             : 5.92%
Directional Acc. : 45.83%
[trial 166] ✅ COMPLETED in 118.3s | best val_loss=0.2796
MAE              : 0.1964
RMSE             : 0.6046
MAPE             : 6.82%
Directional Acc. : 44.52%
[trial 168] ✅ COMPLETED in 165.0s | best val_loss=0.2811
MAE              : 0.1932
RMSE             : 0.6140
MAPE             : 6.56%
Directional Acc. : 43.86%
[trial 169] ✅ COMPLETED in 118.2s | best val_loss=0.2747
MAE              : 0.1885
RMSE             : 0.5953
MAPE             : 6.49%
Directional Acc. : 45.66%
[trial 171] ✅ COMPLETED in 117.6s | best val_loss=0.2700
MAE              : 0.2005
RMSE             : 0.5971
MAPE             : 7.12%
Directional Acc. : 45.17%
[trial 172] ✅ COMPLETED in 121.5s | best val_loss=0.2531
MAE              : 0.1876
RMSE             : 0.6061
MAPE             : 6.11%
Directional Acc. : 45.99%
[trial 173] ✅ COMPLETED in 184.8s | best val_loss=0.2801
MAE              : 0.1901
RMSE             : 0.6072
MAPE             : 6.25%
Directional Acc. : 45.34%
[trial 175] ✅ COMPLETED in 70.3s | best val_loss=0.3103
MAE              : 0.1962
RMSE             : 0.6092
MAPE             : 6.76%
Directional Acc. : 44.19%
[trial 176] ✅ COMPLETED in 119.4s | best val_loss=0.2666
MAE              : 0.1799
RMSE             : 0.5982
MAPE             : 5.90%
Directional Acc. : 44.35%
[trial 178] ✅ COMPLETED in 119.4s | best val_loss=0.2709
MAE              : 0.1840
RMSE             : 0.6065
MAPE             : 6.06%
Directional Acc. : 45.17%
[trial 179] ✅ COMPLETED in 120.5s | best val_loss=0.2955
MAE              : 0.1833
RMSE             : 0.5797
MAPE             : 5.99%
Directional Acc. : 45.34%
[trial 181] ✅ COMPLETED in 155.5s | best val_loss=0.2874
MAE              : 0.1862
RMSE             : 0.5910
MAPE             : 6.38%
Directional Acc. : 45.34%
[trial 182] ✅ COMPLETED in 119.8s | best val_loss=0.2470
MAE              : 0.1883
RMSE             : 0.6013
MAPE             : 6.27%
Directional Acc. : 44.35%
[trial 183] ✅ COMPLETED in 120.8s | best val_loss=0.2745
MAE              : 0.1834
RMSE             : 0.6045
MAPE             : 5.95%
Directional Acc. : 44.35%
[trial 185] ✅ COMPLETED in 118.7s | best val_loss=0.2611
MAE              : 0.1935
RMSE             : 0.6217
MAPE             : 6.54%
Directional Acc. : 44.35%
[trial 186] ✅ COMPLETED in 68.0s | best val_loss=0.3234
MAE              : 0.2176
RMSE             : 0.6200
MAPE             : 7.50%
Directional Acc. : 42.88%
[trial 187] ✅ COMPLETED in 63.1s | best val_loss=0.3224
MAE              : 0.1888
RMSE             : 0.6016
MAPE             : 6.36%
Directional Acc. : 44.35%
[trial 189] ✅ COMPLETED in 145.5s | best val_loss=0.2742
MAE              : 0.1972
RMSE             : 0.6073
MAPE             : 6.83%
Directional Acc. : 45.83%
[trial 192] ✅ COMPLETED in 85.7s | best val_loss=0.2872
MAE              : 0.1818
RMSE             : 0.6090
MAPE             : 5.87%
Directional Acc. : 45.83%
[trial 194] ✅ COMPLETED in 119.3s | best val_loss=0.2565
MAE              : 0.1776
RMSE             : 0.6055
MAPE             : 5.67%
Directional Acc. : 44.52%
[trial 201] ✅ COMPLETED in 118.5s | best val_loss=0.2811
MAE              : 0.1982
RMSE             : 0.6016
MAPE             : 6.98%
Directional Acc. : 44.52%
[trial 203] ✅ COMPLETED in 118.0s | best val_loss=0.2452
MAE              : 0.1880
RMSE             : 0.5867
MAPE             : 6.34%
Directional Acc. : 45.17%
[trial 204] ✅ COMPLETED in 164.8s | best val_loss=0.2445
MAE              : 0.1897
RMSE             : 0.6221
MAPE             : 6.12%
Directional Acc. : 44.68%
[trial 206] ✅ COMPLETED in 67.7s | best val_loss=0.2795
MAE              : 0.1830
RMSE             : 0.6004
MAPE             : 5.87%
Directional Acc. : 45.01%
[trial 207] ✅ COMPLETED in 103.7s | best val_loss=0.2556
MAE              : 0.1903
RMSE             : 0.6164
MAPE             : 6.34%
Directional Acc. : 45.66%
[trial 209] ✅ COMPLETED in 87.3s | best val_loss=0.3040
MAE              : 0.1815
RMSE             : 0.5718
MAPE             : 6.25%
Directional Acc. : 44.68%
[trial 211] ✅ COMPLETED in 116.5s | best val_loss=0.2606
MAE              : 0.1888
RMSE             : 0.6046
MAPE             : 6.36%
Directional Acc. : 44.52%
[trial 212] ✅ COMPLETED in 128.9s | best val_loss=0.2626
MAE              : 0.1907
RMSE             : 0.5904
MAPE             : 6.55%
Directional Acc. : 44.52%
[trial 213] ✅ COMPLETED in 116.2s | best val_loss=0.2478
MAE              : 0.1839
RMSE             : 0.5986
MAPE             : 6.06%
Directional Acc. : 44.84%
[trial 214] ✅ COMPLETED in 115.5s | best val_loss=0.2741
MAE              : 0.1803
RMSE             : 0.5945
MAPE             : 5.91%
Directional Acc. : 44.19%
[trial 215] ✅ COMPLETED in 114.7s | best val_loss=0.2580
MAE              : 0.1854
RMSE             : 0.6114
MAPE             : 6.10%
Directional Acc. : 44.84%
[trial 216] ✅ COMPLETED in 115.4s | best val_loss=0.2931
MAE              : 0.1967
RMSE             : 0.6031
MAPE             : 6.81%
Directional Acc. : 44.52%
[trial 217] ✅ COMPLETED in 115.5s | best val_loss=0.2592
MAE              : 0.2022
RMSE             : 0.6164
MAPE             : 7.12%
Directional Acc. : 45.01%
[trial 219] ✅ COMPLETED in 82.3s | best val_loss=0.2913
MAE              : 0.1926
RMSE             : 0.5967
MAPE             : 6.65%
Directional Acc. : 45.17%
[trial 220] ✅ COMPLETED in 136.6s | best val_loss=0.2458
MAE              : 0.1882
RMSE             : 0.6069
MAPE             : 6.38%
Directional Acc. : 45.66%
[trial 221] ✅ COMPLETED in 136.8s | best val_loss=0.2616
MAE              : 0.1986
RMSE             : 0.6013
MAPE             : 6.97%
Directional Acc. : 44.84%
[trial 223] ✅ COMPLETED in 136.2s | best val_loss=0.2483
MAE              : 0.1929
RMSE             : 0.6121
MAPE             : 6.56%
Directional Acc. : 44.84%
[trial 225] ✅ COMPLETED in 82.1s | best val_loss=0.3061
MAE              : 0.1935
RMSE             : 0.5946
MAPE             : 6.65%
Directional Acc. : 44.52%
[trial 226] ✅ COMPLETED in 116.0s | best val_loss=0.2849
MAE              : 0.1890
RMSE             : 0.6019
MAPE             : 6.37%
Directional Acc. : 45.01%
[trial 227] ✅ COMPLETED in 115.9s | best val_loss=0.2631
MAE              : 0.1846
RMSE             : 0.5929
MAPE             : 6.21%
Directional Acc. : 45.01%
[trial 229] ✅ COMPLETED in 115.5s | best val_loss=0.2817
MAE              : 0.1931
RMSE             : 0.6169
MAPE             : 6.60%
Directional Acc. : 45.50%
[trial 230] ✅ COMPLETED in 81.8s | best val_loss=0.2978
MAE              : 0.1781
RMSE             : 0.5995
MAPE             : 5.72%
Directional Acc. : 45.01%
[trial 231] ✅ COMPLETED in 110.5s | best val_loss=0.2772
MAE              : 0.1752
RMSE             : 0.5905
MAPE             : 5.71%
Directional Acc. : 44.84%
[trial 232] ✅ COMPLETED in 114.7s | best val_loss=0.2802
MAE              : 0.1997
RMSE             : 0.6032
MAPE             : 6.94%
Directional Acc. : 45.01%
[trial 233] ✅ COMPLETED in 116.2s | best val_loss=0.2780
MAE              : 0.1813
RMSE             : 0.5961
MAPE             : 5.93%
Directional Acc. : 45.34%
[trial 236] ✅ COMPLETED in 183.1s | best val_loss=0.2447
MAE              : 0.1922
RMSE             : 0.6087
MAPE             : 6.50%
Directional Acc. : 44.35%
[trial 239] ✅ COMPLETED in 122.4s | best val_loss=0.2785
MAE              : 0.1968
RMSE             : 0.6143
MAPE             : 6.41%
Directional Acc. : 44.19%
[trial 240] ✅ COMPLETED in 110.6s | best val_loss=0.2591
MAE              : 0.1998
RMSE             : 0.6126
MAPE             : 6.99%
Directional Acc. : 45.99%
[trial 248] ✅ COMPLETED in 82.8s | best val_loss=0.2885
MAE              : 0.1936
RMSE             : 0.6094
MAPE             : 6.33%
Directional Acc. : 44.35%
[trial 251] ✅ COMPLETED in 185.2s | best val_loss=0.2856
MAE              : 0.1837
RMSE             : 0.5861
MAPE             : 6.13%
Directional Acc. : 45.99%
[trial 262] ✅ COMPLETED in 164.8s | best val_loss=0.2598
MAE              : 0.1933
RMSE             : 0.5931
MAPE             : 6.77%
Directional Acc. : 45.50%
[trial 263] ✅ COMPLETED in 114.5s | best val_loss=0.2369
MAE              : 0.1931
RMSE             : 0.6141
MAPE             : 6.58%
Directional Acc. : 45.99%
[trial 264] ✅ COMPLETED in 67.1s | best val_loss=0.2942
MAE              : 0.1862
RMSE             : 0.5966
MAPE             : 6.21%
Directional Acc. : 44.03%
[trial 265] ✅ COMPLETED in 114.6s | best val_loss=0.2418
MAE              : 0.2096
RMSE             : 0.6193
MAPE             : 7.31%
Directional Acc. : 45.17%
[trial 267] ✅ COMPLETED in 141.1s | best val_loss=0.2531
MAE              : 0.1862
RMSE             : 0.6038
MAPE             : 6.22%
Directional Acc. : 45.17%
[trial 268] ✅ COMPLETED in 118.2s | best val_loss=0.2605
MAE              : 0.1839
RMSE             : 0.5815
MAPE             : 6.02%
Directional Acc. : 44.84%
[trial 274] ✅ COMPLETED in 175.7s | best val_loss=0.2624
MAE              : 0.1885
RMSE             : 0.6096
MAPE             : 6.48%
Directional Acc. : 44.52%
[trial 278] ✅ COMPLETED in 68.0s | best val_loss=0.2730
MAE              : 0.1769
RMSE             : 0.5837
MAPE             : 5.66%
Directional Acc. : 45.17%
[trial 280] ✅ COMPLETED in 183.6s | best val_loss=0.2313
MAE              : 0.1785
RMSE             : 0.5803
MAPE             : 5.88%
Directional Acc. : 45.01%
[trial 281] ✅ COMPLETED in 165.3s | best val_loss=0.2473
MAE              : 0.1775
RMSE             : 0.5859
MAPE             : 5.74%
Directional Acc. : 44.84%
[trial 289] ✅ COMPLETED in 117.3s | best val_loss=0.2380
MAE              : 0.1811
RMSE             : 0.5972
MAPE             : 6.06%
Directional Acc. : 45.50%
[trial 290] ✅ COMPLETED in 115.9s | best val_loss=0.2356
MAE              : 0.1919
RMSE             : 0.6094
MAPE             : 6.63%
Directional Acc. : 43.86%
[trial 293] ✅ COMPLETED in 67.3s | best val_loss=0.2987
Best value (val_loss): 0.2312808334827423
Best params: {'max_encoder_length': 30, 'batch_size': 32, 'learning_rate': 0.0019964697195699963, 'gradient_clip_val': 0.5, 'use_weight_decay': True, 'weight_decay': 6.995713270834294e-07, 'hidden_size': 128, 'attention_head_size': 8, 'hidden_continuous_size': 16, 'dropout': 0.09233167772918592, 'lstm_layers': 2}
Wrote trial summary: saved_results/20260114-195248_Price+USD_tft/trial_summary.csv
==============================================
Completed: baseline_price_usd_tft.py at Thu 15 Jan 02:50:13 GMT 2026
==============================================
