==============================================
Job Array Task: 1
Experiment:     price_prod_stor_usd_weather
Running:        baseline_price_prod_stor_usd_weather_tft.py
Host:           gecko-01
Started at:     Wed 14 Jan 13:19:47 GMT 2026
==============================================
============================================================
CUDA available: True
GPU: NVIDIA A10
SLURM_CPUS = 8
NUM_WORKERS = 4, PIN_MEMORY = True
ENV_MAX_EPOCHS=60, ENV_PATIENCE=8, ENV_N_TRIALS=300
ENV_BATCH_SIZE=64, ENV_SKIP_BASELINE_FIT=True
============================================================

--- nvidia-smi ---
Wed Jan 14 13:19:53 2026       
+-----------------------------------------------------------------------------------------+
| NVIDIA-SMI 580.119.02             Driver Version: 580.119.02     CUDA Version: 13.0     |
+-----------------------------------------+------------------------+----------------------+
| GPU  Name                 Persistence-M | Bus-Id          Disp.A | Volatile Uncorr. ECC |
| Fan  Temp   Perf          Pwr:Usage/Cap |           Memory-Usage | GPU-Util  Compute M. |
|                                         |                        |               MIG M. |
|=========================================+========================+======================|
|   0  NVIDIA A10                     On  |   00000000:81:00.0 Off |                    0 |
|  0%   49C    P8             18W /  150W |       3MiB /  23028MiB |      0%      Default |
|                                         |                        |                  N/A |
+-----------------------------------------+------------------------+----------------------+

+-----------------------------------------------------------------------------------------+
| Processes:                                                                              |
|  GPU   GI   CI              PID   Type   Process name                        GPU Memory |
|        ID   ID                                                               Usage      |
|=========================================================================================|
|  No running processes found                                                             |
+-----------------------------------------------------------------------------------------+

train 2953: 2010-01-04 → 2021-04-28 | val 521: 2021-04-29 → 2023-04-27 | test 612: 2023-04-28 → 2025-09-01
Cutoffs (time_idx): train_cutoff=2952, val_cutoff=3473
Samples | train: 2893 | val: 521 | test: 612
MAE              : 0.1888
RMSE             : 0.6096
MAPE             : 6.38%
Directional Acc. : 44.84%
[trial 000] ✅ COMPLETED in 134.9s | best val_loss=0.2968
MAE              : 0.1936
RMSE             : 0.6470
MAPE             : 6.29%
Directional Acc. : 45.34%
[trial 001] ✅ COMPLETED in 116.4s | best val_loss=0.3324
MAE              : 0.2484
RMSE             : 0.6716
MAPE             : 9.53%
Directional Acc. : 44.68%
[trial 002] ✅ COMPLETED in 135.1s | best val_loss=0.7634
MAE              : 0.2064
RMSE             : 0.6460
MAPE             : 6.85%
Directional Acc. : 44.52%
[trial 003] ✅ COMPLETED in 117.8s | best val_loss=0.3512
MAE              : 0.1895
RMSE             : 0.6276
MAPE             : 6.30%
Directional Acc. : 44.84%
[trial 004] ✅ COMPLETED in 289.2s | best val_loss=0.3365
MAE              : 0.1809
RMSE             : 0.6404
MAPE             : 5.76%
Directional Acc. : 45.34%
[trial 011] ✅ COMPLETED in 69.2s | best val_loss=0.3837
MAE              : 0.1870
RMSE             : 0.6464
MAPE             : 5.90%
Directional Acc. : 45.50%
[trial 013] ✅ COMPLETED in 52.7s | best val_loss=0.3436
MAE              : 0.2144
RMSE             : 0.6477
MAPE             : 7.37%
Directional Acc. : 44.84%
[trial 014] ✅ COMPLETED in 86.6s | best val_loss=0.3880
MAE              : 0.1991
RMSE             : 0.6377
MAPE             : 6.64%
Directional Acc. : 44.03%
[trial 017] ✅ COMPLETED in 129.8s | best val_loss=0.3652
MAE              : 0.2020
RMSE             : 0.6719
MAPE             : 6.81%
Directional Acc. : 44.52%
[trial 018] ✅ COMPLETED in 235.3s | best val_loss=0.3728
MAE              : 0.1879
RMSE             : 0.6355
MAPE             : 6.03%
Directional Acc. : 44.19%
[trial 031] ✅ COMPLETED in 74.2s | best val_loss=0.3173
MAE              : 0.1953
RMSE             : 0.6476
MAPE             : 6.31%
Directional Acc. : 45.34%
[trial 032] ✅ COMPLETED in 50.9s | best val_loss=0.3490
MAE              : 0.1971
RMSE             : 0.6389
MAPE             : 6.60%
Directional Acc. : 44.84%
[trial 033] ✅ COMPLETED in 51.2s | best val_loss=0.3517
MAE              : 0.1913
RMSE             : 0.6433
MAPE             : 5.99%
Directional Acc. : 44.03%
[trial 034] ✅ COMPLETED in 109.1s | best val_loss=0.3062
MAE              : 0.2004
RMSE             : 0.6447
MAPE             : 6.93%
Directional Acc. : 45.99%
[trial 035] ✅ COMPLETED in 56.3s | best val_loss=0.3577
MAE              : 0.2123
RMSE             : 0.6551
MAPE             : 7.57%
Directional Acc. : 43.21%
[trial 037] ✅ COMPLETED in 77.9s | best val_loss=0.3458
MAE              : 0.1972
RMSE             : 0.6288
MAPE             : 6.48%
Directional Acc. : 45.83%
[trial 039] ✅ COMPLETED in 105.3s | best val_loss=0.3048
MAE              : 0.1878
RMSE             : 0.6435
MAPE             : 6.18%
Directional Acc. : 45.17%
[trial 049] ✅ COMPLETED in 67.2s | best val_loss=0.3480
MAE              : 0.1876
RMSE             : 0.6461
MAPE             : 5.98%
Directional Acc. : 46.15%
[trial 064] ✅ COMPLETED in 159.5s | best val_loss=0.3043
MAE              : 0.1828
RMSE             : 0.6311
MAPE             : 5.94%
Directional Acc. : 45.50%
[trial 065] ✅ COMPLETED in 135.0s | best val_loss=0.2965
MAE              : 0.1841
RMSE             : 0.6417
MAPE             : 5.84%
Directional Acc. : 44.35%
[trial 066] ✅ COMPLETED in 214.4s | best val_loss=0.3164
MAE              : 0.1833
RMSE             : 0.6453
MAPE             : 5.72%
Directional Acc. : 44.68%
[trial 067] ✅ COMPLETED in 132.8s | best val_loss=0.3236
MAE              : 0.2040
RMSE             : 0.6388
MAPE             : 6.92%
Directional Acc. : 45.17%
[trial 068] ✅ COMPLETED in 247.3s | best val_loss=0.3002
MAE              : 0.1861
RMSE             : 0.6264
MAPE             : 5.74%
Directional Acc. : 44.84%
[trial 069] ✅ COMPLETED in 241.2s | best val_loss=0.3074
MAE              : 0.1789
RMSE             : 0.6267
MAPE             : 5.67%
Directional Acc. : 45.17%
[trial 071] ✅ COMPLETED in 118.5s | best val_loss=0.3252
MAE              : 0.1771
RMSE             : 0.6288
MAPE             : 5.50%
Directional Acc. : 44.35%
[trial 072] ✅ COMPLETED in 132.4s | best val_loss=0.2865
MAE              : 0.1757
RMSE             : 0.6319
MAPE             : 5.42%
Directional Acc. : 44.84%
[trial 074] ✅ COMPLETED in 122.8s | best val_loss=0.3422
MAE              : 0.1843
RMSE             : 0.6049
MAPE             : 5.85%
Directional Acc. : 45.01%
[trial 075] ✅ COMPLETED in 170.7s | best val_loss=0.2570
MAE              : 0.1852
RMSE             : 0.6027
MAPE             : 6.05%
Directional Acc. : 43.86%
[trial 077] ✅ COMPLETED in 187.0s | best val_loss=0.2751
MAE              : 0.1802
RMSE             : 0.6259
MAPE             : 5.69%
Directional Acc. : 44.35%
[trial 081] ✅ COMPLETED in 101.2s | best val_loss=0.3329
MAE              : 0.1817
RMSE             : 0.6110
MAPE             : 5.79%
Directional Acc. : 45.17%
[trial 084] ✅ COMPLETED in 109.6s | best val_loss=0.3173
MAE              : 0.1772
RMSE             : 0.6326
MAPE             : 5.48%
Directional Acc. : 44.84%
[trial 091] ✅ COMPLETED in 121.2s | best val_loss=0.3298
MAE              : 0.1874
RMSE             : 0.6325
MAPE             : 6.06%
Directional Acc. : 44.52%
[trial 093] ✅ COMPLETED in 111.9s | best val_loss=0.3159
MAE              : 0.1985
RMSE             : 0.6410
MAPE             : 6.68%
Directional Acc. : 43.86%
[trial 094] ✅ COMPLETED in 126.6s | best val_loss=0.3186
MAE              : 0.1840
RMSE             : 0.6151
MAPE             : 5.93%
Directional Acc. : 44.35%
[trial 102] ✅ COMPLETED in 124.7s | best val_loss=0.2854
MAE              : 0.1868
RMSE             : 0.6164
MAPE             : 6.09%
Directional Acc. : 43.70%
[trial 105] ✅ COMPLETED in 131.9s | best val_loss=0.3015
MAE              : 0.1843
RMSE             : 0.6077
MAPE             : 5.77%
Directional Acc. : 45.01%
[trial 113] ✅ COMPLETED in 166.9s | best val_loss=0.2578
MAE              : 0.1823
RMSE             : 0.6222
MAPE             : 5.98%
Directional Acc. : 43.70%
[trial 114] ✅ COMPLETED in 127.6s | best val_loss=0.3121
MAE              : 0.1768
RMSE             : 0.5959
MAPE             : 5.84%
Directional Acc. : 45.50%
[trial 115] ✅ COMPLETED in 129.6s | best val_loss=0.2388
MAE              : 0.1944
RMSE             : 0.6152
MAPE             : 6.83%
Directional Acc. : 45.50%
[trial 116] ✅ COMPLETED in 140.0s | best val_loss=0.2350
MAE              : 0.1824
RMSE             : 0.6330
MAPE             : 5.71%
Directional Acc. : 44.84%
[trial 117] ✅ COMPLETED in 90.8s | best val_loss=0.3020
MAE              : 0.1862
RMSE             : 0.6517
MAPE             : 6.07%
Directional Acc. : 44.52%
[trial 118] ✅ COMPLETED in 122.4s | best val_loss=0.2633
MAE              : 0.1821
RMSE             : 0.6158
MAPE             : 5.89%
Directional Acc. : 44.68%
[trial 119] ✅ COMPLETED in 172.0s | best val_loss=0.2445
MAE              : 0.2140
RMSE             : 0.6713
MAPE             : 7.71%
Directional Acc. : 45.17%
[trial 120] ✅ COMPLETED in 101.0s | best val_loss=0.3538
MAE              : 0.1841
RMSE             : 0.6437
MAPE             : 5.74%
Directional Acc. : 45.34%
[trial 121] ✅ COMPLETED in 93.2s | best val_loss=0.3019
MAE              : 0.1968
RMSE             : 0.6447
MAPE             : 6.68%
Directional Acc. : 44.52%
[trial 122] ✅ COMPLETED in 80.9s | best val_loss=0.3018
MAE              : 0.1808
RMSE             : 0.5994
MAPE             : 5.99%
Directional Acc. : 44.84%
[trial 123] ✅ COMPLETED in 220.8s | best val_loss=0.2498
MAE              : 0.2056
RMSE             : 0.6671
MAPE             : 7.26%
Directional Acc. : 45.99%
[trial 124] ✅ COMPLETED in 80.7s | best val_loss=0.2844
MAE              : 0.1832
RMSE             : 0.6611
MAPE             : 5.71%
Directional Acc. : 44.52%
[trial 125] ✅ COMPLETED in 91.4s | best val_loss=0.2781
MAE              : 0.1891
RMSE             : 0.6112
MAPE             : 6.23%
Directional Acc. : 45.50%
[trial 126] ✅ COMPLETED in 116.0s | best val_loss=0.2665
MAE              : 0.1932
RMSE             : 0.6572
MAPE             : 6.34%
Directional Acc. : 45.66%
[trial 127] ✅ COMPLETED in 118.5s | best val_loss=0.2722
MAE              : 0.1950
RMSE             : 0.6450
MAPE             : 6.24%
Directional Acc. : 43.86%
[trial 128] ✅ COMPLETED in 70.5s | best val_loss=0.3034
MAE              : 0.1819
RMSE             : 0.6237
MAPE             : 5.88%
Directional Acc. : 45.17%
[trial 129] ✅ COMPLETED in 143.2s | best val_loss=0.2643
MAE              : 0.1978
RMSE             : 0.6519
MAPE             : 6.65%
Directional Acc. : 45.01%
[trial 130] ✅ COMPLETED in 119.4s | best val_loss=0.2829
MAE              : 0.1816
RMSE             : 0.5887
MAPE             : 5.97%
Directional Acc. : 44.84%
[trial 131] ✅ COMPLETED in 146.4s | best val_loss=0.3065
MAE              : 0.1874
RMSE             : 0.6030
MAPE             : 6.25%
Directional Acc. : 44.19%
[trial 132] ✅ COMPLETED in 135.5s | best val_loss=0.2802
MAE              : 0.1929
RMSE             : 0.6709
MAPE             : 6.10%
Directional Acc. : 44.52%
[trial 133] ✅ COMPLETED in 94.0s | best val_loss=0.2893
MAE              : 0.1911
RMSE             : 0.6123
MAPE             : 6.35%
Directional Acc. : 45.01%
[trial 134] ✅ COMPLETED in 122.6s | best val_loss=0.2731
MAE              : 0.1944
RMSE             : 0.6451
MAPE             : 6.33%
Directional Acc. : 45.01%
[trial 136] ✅ COMPLETED in 144.0s | best val_loss=0.2540
MAE              : 0.1915
RMSE             : 0.6566
MAPE             : 6.28%
Directional Acc. : 44.68%
[trial 137] ✅ COMPLETED in 72.4s | best val_loss=0.3069
MAE              : 0.1967
RMSE             : 0.6484
MAPE             : 6.38%
Directional Acc. : 44.03%
[trial 138] ✅ COMPLETED in 75.3s | best val_loss=0.3388
MAE              : 0.1783
RMSE             : 0.5890
MAPE             : 5.77%
Directional Acc. : 43.86%
[trial 139] ✅ COMPLETED in 137.3s | best val_loss=0.2682
MAE              : 0.1972
RMSE             : 0.6103
MAPE             : 6.52%
Directional Acc. : 43.86%
[trial 141] ✅ COMPLETED in 95.8s | best val_loss=0.2657
MAE              : 0.1898
RMSE             : 0.6085
MAPE             : 6.30%
Directional Acc. : 45.50%
[trial 142] ✅ COMPLETED in 161.7s | best val_loss=0.2508
MAE              : 0.1964
RMSE             : 0.5808
MAPE             : 6.61%
Directional Acc. : 44.68%
[trial 145] ✅ COMPLETED in 151.0s | best val_loss=0.2412
MAE              : 0.1883
RMSE             : 0.6497
MAPE             : 6.18%
Directional Acc. : 44.68%
[trial 149] ✅ COMPLETED in 186.9s | best val_loss=0.2472
MAE              : 0.2041
RMSE             : 0.6389
MAPE             : 6.81%
Directional Acc. : 44.03%
[trial 150] ✅ COMPLETED in 54.7s | best val_loss=0.2981
MAE              : 0.1822
RMSE             : 0.6168
MAPE             : 5.82%
Directional Acc. : 45.50%
[trial 151] ✅ COMPLETED in 99.2s | best val_loss=0.2439
MAE              : 0.2000
RMSE             : 0.6242
MAPE             : 6.70%
Directional Acc. : 43.70%
[trial 152] ✅ COMPLETED in 128.9s | best val_loss=0.2801
MAE              : 0.1931
RMSE             : 0.6188
MAPE             : 6.38%
Directional Acc. : 43.37%
[trial 153] ✅ COMPLETED in 124.4s | best val_loss=0.2622
MAE              : 0.2012
RMSE             : 0.6161
MAPE             : 6.77%
Directional Acc. : 45.17%
[trial 154] ✅ COMPLETED in 97.7s | best val_loss=0.2596
MAE              : 0.1922
RMSE             : 0.6252
MAPE             : 6.26%
Directional Acc. : 44.03%
[trial 155] ✅ COMPLETED in 126.0s | best val_loss=0.2631
MAE              : 0.1868
RMSE             : 0.6163
MAPE             : 6.29%
Directional Acc. : 44.03%
[trial 157] ✅ COMPLETED in 119.5s | best val_loss=0.2493
MAE              : 0.2117
RMSE             : 0.6387
MAPE             : 7.15%
Directional Acc. : 44.68%
[trial 161] ✅ COMPLETED in 102.0s | best val_loss=0.2840
MAE              : 0.1876
RMSE             : 0.6117
MAPE             : 6.15%
Directional Acc. : 43.04%
[trial 163] ✅ COMPLETED in 103.3s | best val_loss=0.3148
MAE              : 0.1902
RMSE             : 0.6128
MAPE             : 6.49%
Directional Acc. : 44.52%
[trial 167] ✅ COMPLETED in 56.6s | best val_loss=0.3452
MAE              : 0.1903
RMSE             : 0.5878
MAPE             : 6.69%
Directional Acc. : 44.03%
[trial 168] ✅ COMPLETED in 115.1s | best val_loss=0.2698
MAE              : 0.1975
RMSE             : 0.6160
MAPE             : 6.88%
Directional Acc. : 43.70%
[trial 169] ✅ COMPLETED in 105.0s | best val_loss=0.2439
MAE              : 0.1839
RMSE             : 0.6194
MAPE             : 6.09%
Directional Acc. : 45.17%
[trial 171] ✅ COMPLETED in 88.3s | best val_loss=0.2596
MAE              : 0.2083
RMSE             : 0.6197
MAPE             : 7.21%
Directional Acc. : 44.19%
[trial 172] ✅ COMPLETED in 108.5s | best val_loss=0.2758
MAE              : 0.1960
RMSE             : 0.6148
MAPE             : 6.41%
Directional Acc. : 44.19%
[trial 173] ✅ COMPLETED in 130.3s | best val_loss=0.2297
MAE              : 0.2043
RMSE             : 0.6198
MAPE             : 6.89%
Directional Acc. : 44.35%
[trial 174] ✅ COMPLETED in 105.4s | best val_loss=0.2923
MAE              : 0.1844
RMSE             : 0.6007
MAPE             : 6.13%
Directional Acc. : 44.03%
[trial 175] ✅ COMPLETED in 123.5s | best val_loss=0.2646
MAE              : 0.1843
RMSE             : 0.6170
MAPE             : 5.98%
Directional Acc. : 45.17%
[trial 178] ✅ COMPLETED in 133.6s | best val_loss=0.2984
MAE              : 0.2021
RMSE             : 0.6022
MAPE             : 7.01%
Directional Acc. : 45.01%
[trial 180] ✅ COMPLETED in 123.6s | best val_loss=0.2455
MAE              : 0.1929
RMSE             : 0.6311
MAPE             : 6.29%
Directional Acc. : 44.35%
[trial 182] ✅ COMPLETED in 57.2s | best val_loss=0.3008
MAE              : 0.1882
RMSE             : 0.6083
MAPE             : 6.14%
Directional Acc. : 43.86%
[trial 184] ✅ COMPLETED in 103.0s | best val_loss=0.2534
MAE              : 0.1776
RMSE             : 0.6148
MAPE             : 5.65%
Directional Acc. : 44.68%
[trial 186] ✅ COMPLETED in 66.9s | best val_loss=0.2798
MAE              : 0.1845
RMSE             : 0.6411
MAPE             : 5.88%
Directional Acc. : 44.35%
[trial 188] ✅ COMPLETED in 195.6s | best val_loss=0.2958
MAE              : 0.1955
RMSE             : 0.6191
MAPE             : 6.44%
Directional Acc. : 43.37%
[trial 191] ✅ COMPLETED in 122.9s | best val_loss=0.2459
MAE              : 0.1938
RMSE             : 0.5987
MAPE             : 6.33%
Directional Acc. : 44.84%
[trial 194] ✅ COMPLETED in 229.3s | best val_loss=0.2270
MAE              : 0.1951
RMSE             : 0.6192
MAPE             : 6.41%
Directional Acc. : 44.19%
[trial 197] ✅ COMPLETED in 149.1s | best val_loss=0.2636
MAE              : 0.1977
RMSE             : 0.5961
MAPE             : 6.72%
Directional Acc. : 45.66%
[trial 198] ✅ COMPLETED in 88.5s | best val_loss=0.2782
MAE              : 0.1890
RMSE             : 0.6136
MAPE             : 6.07%
Directional Acc. : 45.17%
[trial 199] ✅ COMPLETED in 108.5s | best val_loss=0.2669
MAE              : 0.1934
RMSE             : 0.6224
MAPE             : 6.22%
Directional Acc. : 43.37%
[trial 201] ✅ COMPLETED in 121.8s | best val_loss=0.2489
MAE              : 0.1873
RMSE             : 0.5952
MAPE             : 6.28%
Directional Acc. : 44.35%
[trial 202] ✅ COMPLETED in 207.7s | best val_loss=0.2302
MAE              : 0.1781
RMSE             : 0.5949
MAPE             : 5.71%
Directional Acc. : 44.35%
[trial 203] ✅ COMPLETED in 144.4s | best val_loss=0.2771
MAE              : 0.1911
RMSE             : 0.6125
MAPE             : 6.32%
Directional Acc. : 45.50%
[trial 206] ✅ COMPLETED in 144.0s | best val_loss=0.2389
MAE              : 0.2086
RMSE             : 0.6224
MAPE             : 6.70%
Directional Acc. : 45.17%
[trial 207] ✅ COMPLETED in 123.1s | best val_loss=0.2869
MAE              : 0.1901
RMSE             : 0.6318
MAPE             : 6.64%
Directional Acc. : 44.68%
[trial 209] ✅ COMPLETED in 189.1s | best val_loss=0.2391
MAE              : 0.1930
RMSE             : 0.6189
MAPE             : 6.27%
Directional Acc. : 45.01%
[trial 211] ✅ COMPLETED in 135.4s | best val_loss=0.2927
MAE              : 0.1881
RMSE             : 0.6141
MAPE             : 6.04%
Directional Acc. : 44.68%
[trial 212] ✅ COMPLETED in 222.8s | best val_loss=0.2470
MAE              : 0.1797
RMSE             : 0.5981
MAPE             : 5.82%
Directional Acc. : 44.03%
[trial 213] ✅ COMPLETED in 162.8s | best val_loss=0.2630
MAE              : 0.2009
RMSE             : 0.6230
MAPE             : 6.85%
Directional Acc. : 44.35%
[trial 215] ✅ COMPLETED in 80.7s | best val_loss=0.2908
MAE              : 0.1979
RMSE             : 0.6209
MAPE             : 6.82%
Directional Acc. : 44.19%
[trial 218] ✅ COMPLETED in 65.2s | best val_loss=0.2895
MAE              : 0.1957
RMSE             : 0.6145
MAPE             : 6.43%
Directional Acc. : 43.70%
[trial 224] ✅ COMPLETED in 125.5s | best val_loss=0.2571
MAE              : 0.1959
RMSE             : 0.6226
MAPE             : 6.43%
Directional Acc. : 44.68%
[trial 226] ✅ COMPLETED in 89.5s | best val_loss=0.2594
MAE              : 0.1894
RMSE             : 0.6232
MAPE             : 6.40%
Directional Acc. : 45.17%
[trial 230] ✅ COMPLETED in 112.1s | best val_loss=0.2044
MAE              : 0.1994
RMSE             : 0.6397
MAPE             : 6.34%
Directional Acc. : 44.68%
[trial 231] ✅ COMPLETED in 170.0s | best val_loss=0.2568
MAE              : 0.1796
RMSE             : 0.6235
MAPE             : 5.59%
Directional Acc. : 44.03%
[trial 232] ✅ COMPLETED in 118.6s | best val_loss=0.3063
MAE              : 0.1984
RMSE             : 0.6182
MAPE             : 6.65%
Directional Acc. : 44.03%
[trial 233] ✅ COMPLETED in 136.9s | best val_loss=0.3209
MAE              : 0.1901
RMSE             : 0.6160
MAPE             : 5.98%
Directional Acc. : 44.84%
[trial 238] ✅ COMPLETED in 106.3s | best val_loss=0.2604
MAE              : 0.1958
RMSE             : 0.6373
MAPE             : 6.75%
Directional Acc. : 43.54%
[trial 239] ✅ COMPLETED in 112.1s | best val_loss=0.3196
MAE              : 0.1813
RMSE             : 0.6069
MAPE             : 5.88%
Directional Acc. : 44.52%
[trial 241] ✅ COMPLETED in 92.7s | best val_loss=0.2554
MAE              : 0.1970
RMSE             : 0.6154
MAPE             : 6.41%
Directional Acc. : 45.17%
[trial 243] ✅ COMPLETED in 98.8s | best val_loss=0.2626
MAE              : 0.1890
RMSE             : 0.6414
MAPE             : 5.92%
Directional Acc. : 44.68%
[trial 245] ✅ COMPLETED in 152.8s | best val_loss=0.2145
MAE              : 0.2008
RMSE             : 0.6277
MAPE             : 6.95%
Directional Acc. : 44.68%
[trial 247] ✅ COMPLETED in 93.4s | best val_loss=0.3134
MAE              : 0.1915
RMSE             : 0.6417
MAPE             : 6.10%
Directional Acc. : 44.19%
[trial 253] ✅ COMPLETED in 242.0s | best val_loss=0.2245
MAE              : 0.1781
RMSE             : 0.6267
MAPE             : 5.59%
Directional Acc. : 44.03%
[trial 255] ✅ COMPLETED in 140.4s | best val_loss=0.3200
MAE              : 0.1947
RMSE             : 0.6334
MAPE             : 6.17%
Directional Acc. : 45.34%
[trial 261] ✅ COMPLETED in 43.8s | best val_loss=0.3207
MAE              : 0.2099
RMSE             : 0.6272
MAPE             : 7.43%
Directional Acc. : 44.68%
[trial 267] ✅ COMPLETED in 90.8s | best val_loss=0.2537
MAE              : 0.2120
RMSE             : 0.6575
MAPE             : 6.93%
Directional Acc. : 43.86%
[trial 273] ✅ COMPLETED in 45.4s | best val_loss=0.3398
MAE              : 0.1873
RMSE             : 0.6763
MAPE             : 5.86%
Directional Acc. : 44.68%
[trial 279] ✅ COMPLETED in 105.4s | best val_loss=0.2672
MAE              : 0.1926
RMSE             : 0.6145
MAPE             : 6.31%
Directional Acc. : 44.52%
[trial 281] ✅ COMPLETED in 141.4s | best val_loss=0.2408
MAE              : 0.1910
RMSE             : 0.6024
MAPE             : 6.39%
Directional Acc. : 44.68%
[trial 282] ✅ COMPLETED in 137.4s | best val_loss=0.2551
MAE              : 0.1926
RMSE             : 0.6105
MAPE             : 6.42%
Directional Acc. : 44.03%
[trial 286] ✅ COMPLETED in 134.8s | best val_loss=0.2698
MAE              : 0.1869
RMSE             : 0.6180
MAPE             : 6.01%
Directional Acc. : 44.68%
[trial 287] ✅ COMPLETED in 223.4s | best val_loss=0.2597
MAE              : 0.1983
RMSE             : 0.6101
MAPE             : 6.80%
Directional Acc. : 44.84%
[trial 291] ✅ COMPLETED in 80.0s | best val_loss=0.2763
MAE              : 0.1965
RMSE             : 0.6322
MAPE             : 6.47%
Directional Acc. : 44.03%
[trial 294] ✅ COMPLETED in 100.7s | best val_loss=0.3118
MAE              : 0.1919
RMSE             : 0.6329
MAPE             : 6.51%
Directional Acc. : 44.68%
[trial 295] ✅ COMPLETED in 106.8s | best val_loss=0.2860
MAE              : 0.1953
RMSE             : 0.6317
MAPE             : 6.26%
Directional Acc. : 44.35%
[trial 298] ✅ COMPLETED in 66.6s | best val_loss=0.3433
MAE              : 0.2014
RMSE             : 0.6291
MAPE             : 6.88%
Directional Acc. : 44.84%
[trial 299] ✅ COMPLETED in 87.8s | best val_loss=0.2686
Best value (val_loss): 0.20442350208759308
Best params: {'max_encoder_length': 20, 'batch_size': 32, 'learning_rate': 0.0028264535045668567, 'gradient_clip_val': 0.1, 'use_weight_decay': True, 'weight_decay': 2.920598958962876e-06, 'hidden_size': 128, 'attention_head_size': 8, 'hidden_continuous_size': 32, 'dropout': 0.055502781818976, 'lstm_layers': 2}
Wrote trial summary: saved_results/20260114-131952_AllFeatures_tft/trial_summary.csv
==============================================
Completed: baseline_price_prod_stor_usd_weather_tft.py at Wed 14 Jan 20:13:57 GMT 2026
==============================================
