==============================================
Job Array Task: 0
Experiment:     price_weather
Running:        baseline_price_weather.py
Host:           gecko-01
Started at:     Wed 14 Jan 11:59:23 GMT 2026
==============================================
============================================================
CUDA available: True
GPU: NVIDIA A10
SLURM_CPUS = 8
NUM_WORKERS = 4, PIN_MEMORY = True
ENV_MAX_EPOCHS=60, ENV_PATIENCE=8, ENV_N_TRIALS=300
ENV_BATCH_SIZE=64, ENV_SKIP_BASELINE_FIT=True
============================================================

--- nvidia-smi ---
Wed Jan 14 11:59:28 2026       
+-----------------------------------------------------------------------------------------+
| NVIDIA-SMI 580.119.02             Driver Version: 580.119.02     CUDA Version: 13.0     |
+-----------------------------------------+------------------------+----------------------+
| GPU  Name                 Persistence-M | Bus-Id          Disp.A | Volatile Uncorr. ECC |
| Fan  Temp   Perf          Pwr:Usage/Cap |           Memory-Usage | GPU-Util  Compute M. |
|                                         |                        |               MIG M. |
|=========================================+========================+======================|
|   0  NVIDIA A10                     On  |   00000000:E1:00.0 Off |                    0 |
|  0%   44C    P8             17W /  150W |       3MiB /  23028MiB |      0%      Default |
|                                         |                        |                  N/A |
+-----------------------------------------+------------------------+----------------------+

+-----------------------------------------------------------------------------------------+
| Processes:                                                                              |
|  GPU   GI   CI              PID   Type   Process name                        GPU Memory |
|        ID   ID                                                               Usage      |
|=========================================================================================|
|  No running processes found                                                             |
+-----------------------------------------------------------------------------------------+

train 2953: 2010-01-04 → 2021-04-28 | val 521: 2021-04-29 → 2023-04-27 | test 612: 2023-04-28 → 2025-09-01
Cutoffs (time_idx): train_cutoff=2952, val_cutoff=3473
Samples | train: 2893 | val: 521 | test: 612
MAE              : 0.1822
RMSE             : 0.6033
MAPE             : 6.03%
Directional Acc. : 44.19%
[trial 000] ✅ COMPLETED in 105.0s | best val_loss=0.2601
MAE              : 0.1909
RMSE             : 0.6472
MAPE             : 6.31%
Directional Acc. : 44.52%
[trial 001] ✅ COMPLETED in 106.3s | best val_loss=0.3796
MAE              : 0.1970
RMSE             : 0.6503
MAPE             : 6.50%
Directional Acc. : 44.03%
[trial 002] ✅ COMPLETED in 113.3s | best val_loss=0.4650
MAE              : 0.2029
RMSE             : 0.6514
MAPE             : 6.93%
Directional Acc. : 44.35%
[trial 003] ✅ COMPLETED in 68.2s | best val_loss=0.3614
MAE              : 0.1977
RMSE             : 0.6453
MAPE             : 6.72%
Directional Acc. : 44.19%
[trial 004] ✅ COMPLETED in 167.3s | best val_loss=0.4461
MAE              : 0.1755
RMSE             : 0.6227
MAPE             : 5.44%
Directional Acc. : 42.23%
[trial 006] ✅ COMPLETED in 157.0s | best val_loss=0.3259
MAE              : 0.1803
RMSE             : 0.6283
MAPE             : 5.61%
Directional Acc. : 43.21%
[trial 011] ✅ COMPLETED in 169.9s | best val_loss=0.3616
MAE              : 0.1883
RMSE             : 0.6328
MAPE             : 6.17%
Directional Acc. : 43.70%
[trial 013] ✅ COMPLETED in 196.6s | best val_loss=0.3050
MAE              : 0.2058
RMSE             : 0.6559
MAPE             : 7.05%
Directional Acc. : 43.70%
[trial 014] ✅ COMPLETED in 139.7s | best val_loss=0.3571
MAE              : 0.1906
RMSE             : 0.6488
MAPE             : 6.19%
Directional Acc. : 43.70%
[trial 015] ✅ COMPLETED in 62.1s | best val_loss=0.3723
MAE              : 0.1933
RMSE             : 0.6307
MAPE             : 6.42%
Directional Acc. : 44.35%
[trial 016] ✅ COMPLETED in 137.2s | best val_loss=0.3566
MAE              : 0.2100
RMSE             : 0.6232
MAPE             : 7.34%
Directional Acc. : 45.01%
[trial 019] ✅ COMPLETED in 107.6s | best val_loss=0.3097
MAE              : 0.1854
RMSE             : 0.6326
MAPE             : 5.89%
Directional Acc. : 43.70%
[trial 020] ✅ COMPLETED in 276.0s | best val_loss=0.3087
MAE              : 0.1814
RMSE             : 0.6402
MAPE             : 5.75%
Directional Acc. : 43.86%
[trial 021] ✅ COMPLETED in 145.6s | best val_loss=0.3491
MAE              : 0.1911
RMSE             : 0.6404
MAPE             : 6.25%
Directional Acc. : 43.21%
[trial 024] ✅ COMPLETED in 229.5s | best val_loss=0.3335
MAE              : 0.1968
RMSE             : 0.6381
MAPE             : 6.62%
Directional Acc. : 44.19%
[trial 026] ✅ COMPLETED in 116.9s | best val_loss=0.2944
MAE              : 0.1998
RMSE             : 0.6400
MAPE             : 6.81%
Directional Acc. : 45.34%
[trial 028] ✅ COMPLETED in 141.4s | best val_loss=0.3438
MAE              : 0.1771
RMSE             : 0.6315
MAPE             : 5.43%
Directional Acc. : 44.35%
[trial 035] ✅ COMPLETED in 76.1s | best val_loss=0.2940
MAE              : 0.1889
RMSE             : 0.6300
MAPE             : 6.10%
Directional Acc. : 45.01%
[trial 036] ✅ COMPLETED in 133.6s | best val_loss=0.2949
MAE              : 0.1959
RMSE             : 0.6556
MAPE             : 6.46%
Directional Acc. : 44.68%
[trial 037] ✅ COMPLETED in 116.6s | best val_loss=0.3087
MAE              : 0.1839
RMSE             : 0.6356
MAPE             : 5.85%
Directional Acc. : 44.19%
[trial 040] ✅ COMPLETED in 93.9s | best val_loss=0.3093
MAE              : 0.1842
RMSE             : 0.6250
MAPE             : 5.79%
Directional Acc. : 43.86%
[trial 041] ✅ COMPLETED in 66.5s | best val_loss=0.3148
MAE              : 0.1851
RMSE             : 0.6490
MAPE             : 5.81%
Directional Acc. : 44.35%
[trial 048] ✅ COMPLETED in 78.8s | best val_loss=0.3612
MAE              : 0.1888
RMSE             : 0.6462
MAPE             : 6.12%
Directional Acc. : 44.19%
[trial 051] ✅ COMPLETED in 119.6s | best val_loss=0.3244
MAE              : 0.1871
RMSE             : 0.6477
MAPE             : 5.92%
Directional Acc. : 44.68%
[trial 052] ✅ COMPLETED in 120.7s | best val_loss=0.3245
MAE              : 0.1821
RMSE             : 0.6336
MAPE             : 5.82%
Directional Acc. : 45.34%
[trial 053] ✅ COMPLETED in 78.0s | best val_loss=0.3175
MAE              : 0.1840
RMSE             : 0.6222
MAPE             : 6.12%
Directional Acc. : 45.50%
[trial 054] ✅ COMPLETED in 96.2s | best val_loss=0.3267
MAE              : 0.1872
RMSE             : 0.6167
MAPE             : 6.11%
Directional Acc. : 43.86%
[trial 059] ✅ COMPLETED in 158.5s | best val_loss=0.2826
MAE              : 0.1909
RMSE             : 0.6165
MAPE             : 6.24%
Directional Acc. : 43.37%
[trial 061] ✅ COMPLETED in 177.7s | best val_loss=0.2781
MAE              : 0.1924
RMSE             : 0.6122
MAPE             : 6.38%
Directional Acc. : 44.68%
[trial 062] ✅ COMPLETED in 265.4s | best val_loss=0.2502
MAE              : 0.1888
RMSE             : 0.6161
MAPE             : 6.11%
Directional Acc. : 44.52%
[trial 063] ✅ COMPLETED in 164.5s | best val_loss=0.2748
MAE              : 0.1799
RMSE             : 0.6182
MAPE             : 5.57%
Directional Acc. : 44.52%
[trial 064] ✅ COMPLETED in 134.6s | best val_loss=0.2969
MAE              : 0.1931
RMSE             : 0.6204
MAPE             : 6.18%
Directional Acc. : 43.70%
[trial 065] ✅ COMPLETED in 163.7s | best val_loss=0.2989
MAE              : 0.1940
RMSE             : 0.6046
MAPE             : 6.56%
Directional Acc. : 44.52%
[trial 066] ✅ COMPLETED in 152.7s | best val_loss=0.2955
MAE              : 0.1806
RMSE             : 0.6044
MAPE             : 5.84%
Directional Acc. : 44.68%
[trial 067] ✅ COMPLETED in 200.0s | best val_loss=0.2614
MAE              : 0.1791
RMSE             : 0.6117
MAPE             : 5.58%
Directional Acc. : 43.86%
[trial 068] ✅ COMPLETED in 176.7s | best val_loss=0.3079
MAE              : 0.1935
RMSE             : 0.6110
MAPE             : 6.60%
Directional Acc. : 43.54%
[trial 069] ✅ COMPLETED in 153.8s | best val_loss=0.2563
MAE              : 0.1857
RMSE             : 0.6249
MAPE             : 5.99%
Directional Acc. : 43.21%
[trial 070] ✅ COMPLETED in 141.7s | best val_loss=0.2945
MAE              : 0.1883
RMSE             : 0.5989
MAPE             : 6.32%
Directional Acc. : 45.99%
[trial 071] ✅ COMPLETED in 252.0s | best val_loss=0.2562
MAE              : 0.1846
RMSE             : 0.6152
MAPE             : 5.88%
Directional Acc. : 45.01%
[trial 072] ✅ COMPLETED in 159.4s | best val_loss=0.2612
MAE              : 0.1889
RMSE             : 0.6139
MAPE             : 6.23%
Directional Acc. : 44.52%
[trial 073] ✅ COMPLETED in 148.0s | best val_loss=0.3028
MAE              : 0.1958
RMSE             : 0.6100
MAPE             : 6.72%
Directional Acc. : 45.99%
[trial 074] ✅ COMPLETED in 200.7s | best val_loss=0.2396
MAE              : 0.1803
RMSE             : 0.6010
MAPE             : 5.88%
Directional Acc. : 45.01%
[trial 075] ✅ COMPLETED in 198.9s | best val_loss=0.2674
MAE              : 0.1840
RMSE             : 0.6077
MAPE             : 6.16%
Directional Acc. : 43.70%
[trial 079] ✅ COMPLETED in 154.0s | best val_loss=0.2702
MAE              : 0.1828
RMSE             : 0.6019
MAPE             : 5.94%
Directional Acc. : 45.34%
[trial 081] ✅ COMPLETED in 193.8s | best val_loss=0.2491
MAE              : 0.1811
RMSE             : 0.5774
MAPE             : 6.01%
Directional Acc. : 44.03%
[trial 082] ✅ COMPLETED in 159.2s | best val_loss=0.2790
MAE              : 0.1820
RMSE             : 0.6043
MAPE             : 5.74%
Directional Acc. : 44.52%
[trial 083] ✅ COMPLETED in 157.9s | best val_loss=0.2678
MAE              : 0.2012
RMSE             : 0.6185
MAPE             : 6.26%
Directional Acc. : 44.19%
[trial 085] ✅ COMPLETED in 134.0s | best val_loss=0.3025
MAE              : 0.1879
RMSE             : 0.5945
MAPE             : 6.25%
Directional Acc. : 45.66%
[trial 087] ✅ COMPLETED in 291.2s | best val_loss=0.2694
MAE              : 0.1889
RMSE             : 0.6076
MAPE             : 6.09%
Directional Acc. : 44.19%
[trial 088] ✅ COMPLETED in 175.5s | best val_loss=0.2788
MAE              : 0.1828
RMSE             : 0.5800
MAPE             : 6.04%
Directional Acc. : 45.99%
[trial 091] ✅ COMPLETED in 300.0s | best val_loss=0.2554
MAE              : 0.1834
RMSE             : 0.5989
MAPE             : 6.05%
Directional Acc. : 44.68%
[trial 092] ✅ COMPLETED in 152.8s | best val_loss=0.3049
MAE              : 0.1910
RMSE             : 0.5926
MAPE             : 6.64%
Directional Acc. : 45.17%
[trial 093] ✅ COMPLETED in 193.8s | best val_loss=0.2577
MAE              : 0.2088
RMSE             : 0.6138
MAPE             : 7.39%
Directional Acc. : 44.84%
[trial 095] ✅ COMPLETED in 140.2s | best val_loss=0.3016
MAE              : 0.1822
RMSE             : 0.6020
MAPE             : 5.85%
Directional Acc. : 44.68%
[trial 097] ✅ COMPLETED in 227.8s | best val_loss=0.2577
MAE              : 0.1863
RMSE             : 0.6160
MAPE             : 6.16%
Directional Acc. : 44.84%
[trial 101] ✅ COMPLETED in 161.4s | best val_loss=0.2727
MAE              : 0.1825
RMSE             : 0.6065
MAPE             : 5.97%
Directional Acc. : 44.03%
[trial 102] ✅ COMPLETED in 153.2s | best val_loss=0.2756
MAE              : 0.1812
RMSE             : 0.6062
MAPE             : 5.82%
Directional Acc. : 44.84%
[trial 103] ✅ COMPLETED in 135.0s | best val_loss=0.2998
MAE              : 0.1923
RMSE             : 0.6201
MAPE             : 6.17%
Directional Acc. : 44.52%
[trial 105] ✅ COMPLETED in 165.5s | best val_loss=0.3051
MAE              : 0.1842
RMSE             : 0.6009
MAPE             : 5.89%
Directional Acc. : 45.17%
[trial 111] ✅ COMPLETED in 223.5s | best val_loss=0.2549
MAE              : 0.1994
RMSE             : 0.6177
MAPE             : 6.77%
Directional Acc. : 44.35%
[trial 113] ✅ COMPLETED in 109.3s | best val_loss=0.2762
MAE              : 0.1980
RMSE             : 0.6071
MAPE             : 6.87%
Directional Acc. : 45.66%
[trial 114] ✅ COMPLETED in 290.9s | best val_loss=0.2539
MAE              : 0.1827
RMSE             : 0.6073
MAPE             : 5.96%
Directional Acc. : 44.52%
[trial 115] ✅ COMPLETED in 241.1s | best val_loss=0.2544
MAE              : 0.1915
RMSE             : 0.6141
MAPE             : 6.38%
Directional Acc. : 43.86%
[trial 121] ✅ COMPLETED in 135.3s | best val_loss=0.2719
MAE              : 0.1803
RMSE             : 0.6046
MAPE             : 5.89%
Directional Acc. : 45.01%
[trial 122] ✅ COMPLETED in 241.4s | best val_loss=0.2665
MAE              : 0.1801
RMSE             : 0.5926
MAPE             : 5.83%
Directional Acc. : 45.34%
[trial 123] ✅ COMPLETED in 241.5s | best val_loss=0.2441
MAE              : 0.2030
RMSE             : 0.6121
MAPE             : 7.01%
Directional Acc. : 45.50%
[trial 124] ✅ COMPLETED in 230.6s | best val_loss=0.2751
MAE              : 0.1848
RMSE             : 0.6089
MAPE             : 5.89%
Directional Acc. : 44.52%
[trial 126] ✅ COMPLETED in 163.9s | best val_loss=0.2807
MAE              : 0.1866
RMSE             : 0.6081
MAPE             : 6.01%
Directional Acc. : 46.15%
[trial 129] ✅ COMPLETED in 195.0s | best val_loss=0.2640
MAE              : 0.1917
RMSE             : 0.6149
MAPE             : 6.35%
Directional Acc. : 43.86%
[trial 131] ✅ COMPLETED in 174.1s | best val_loss=0.2871
MAE              : 0.2076
RMSE             : 0.6181
MAPE             : 7.38%
Directional Acc. : 45.34%
[trial 132] ✅ COMPLETED in 237.7s | best val_loss=0.2829
MAE              : 0.1853
RMSE             : 0.6154
MAPE             : 5.94%
Directional Acc. : 43.86%
[trial 135] ✅ COMPLETED in 125.0s | best val_loss=0.2885
MAE              : 0.1890
RMSE             : 0.6120
MAPE             : 6.23%
Directional Acc. : 44.03%
[trial 139] ✅ COMPLETED in 166.0s | best val_loss=0.2740
MAE              : 0.1876
RMSE             : 0.6189
MAPE             : 6.12%
Directional Acc. : 44.19%
[trial 140] ✅ COMPLETED in 138.2s | best val_loss=0.2821
MAE              : 0.1867
RMSE             : 0.6151
MAPE             : 5.90%
Directional Acc. : 44.84%
[trial 143] ✅ COMPLETED in 136.0s | best val_loss=0.2858
MAE              : 0.1885
RMSE             : 0.6174
MAPE             : 6.08%
Directional Acc. : 44.84%
[trial 151] ✅ COMPLETED in 107.1s | best val_loss=0.3131
MAE              : 0.1831
RMSE             : 0.6085
MAPE             : 5.88%
Directional Acc. : 43.37%
[trial 152] ✅ COMPLETED in 165.4s | best val_loss=0.2729
MAE              : 0.1777
RMSE             : 0.5949
MAPE             : 5.68%
Directional Acc. : 43.21%
[trial 154] ✅ COMPLETED in 242.2s | best val_loss=0.2472
MAE              : 0.1893
RMSE             : 0.6370
MAPE             : 6.22%
Directional Acc. : 43.54%
[trial 157] ✅ COMPLETED in 91.8s | best val_loss=0.3222
MAE              : 0.1929
RMSE             : 0.6186
MAPE             : 6.45%
Directional Acc. : 44.19%
[trial 162] ✅ COMPLETED in 123.9s | best val_loss=0.2977
MAE              : 0.1917
RMSE             : 0.6089
MAPE             : 6.43%
Directional Acc. : 45.34%
[trial 166] ✅ COMPLETED in 276.5s | best val_loss=0.2527
MAE              : 0.1864
RMSE             : 0.6284
MAPE             : 5.88%
Directional Acc. : 44.84%
[trial 172] ✅ COMPLETED in 86.1s | best val_loss=0.3114
MAE              : 0.1964
RMSE             : 0.6237
MAPE             : 6.19%
Directional Acc. : 44.52%
[trial 173] ✅ COMPLETED in 166.4s | best val_loss=0.2657
MAE              : 0.1898
RMSE             : 0.6129
MAPE             : 6.36%
Directional Acc. : 44.19%
[trial 175] ✅ COMPLETED in 108.7s | best val_loss=0.2790
MAE              : 0.1826
RMSE             : 0.6161
MAPE             : 5.86%
Directional Acc. : 44.35%
[trial 178] ✅ COMPLETED in 103.3s | best val_loss=0.3106
MAE              : 0.1940
RMSE             : 0.6268
MAPE             : 6.10%
Directional Acc. : 44.03%
[trial 180] ✅ COMPLETED in 158.5s | best val_loss=0.3054
MAE              : 0.1806
RMSE             : 0.6114
MAPE             : 5.82%
Directional Acc. : 44.35%
[trial 191] ✅ COMPLETED in 123.8s | best val_loss=0.2823
MAE              : 0.1940
RMSE             : 0.6050
MAPE             : 6.76%
Directional Acc. : 45.66%
[trial 192] ✅ COMPLETED in 228.9s | best val_loss=0.2755
MAE              : 0.1856
RMSE             : 0.6099
MAPE             : 6.10%
Directional Acc. : 44.35%
[trial 199] ✅ COMPLETED in 173.6s | best val_loss=0.2753
MAE              : 0.2013
RMSE             : 0.6007
MAPE             : 7.02%
Directional Acc. : 45.01%
[trial 202] ✅ COMPLETED in 286.8s | best val_loss=0.2524
MAE              : 0.1871
RMSE             : 0.5965
MAPE             : 6.28%
Directional Acc. : 45.17%
[trial 210] ✅ COMPLETED in 158.6s | best val_loss=0.2747
MAE              : 0.2159
RMSE             : 0.6251
MAPE             : 7.60%
Directional Acc. : 44.19%
[trial 214] ✅ COMPLETED in 99.7s | best val_loss=0.3081
MAE              : 0.2008
RMSE             : 0.6231
MAPE             : 7.03%
Directional Acc. : 44.03%
[trial 223] ✅ COMPLETED in 105.4s | best val_loss=0.3036
MAE              : 0.1816
RMSE             : 0.6079
MAPE             : 6.00%
Directional Acc. : 45.01%
[trial 229] ✅ COMPLETED in 123.3s | best val_loss=0.2496
MAE              : 0.1794
RMSE             : 0.6213
MAPE             : 5.67%
Directional Acc. : 43.37%
[trial 231] ✅ COMPLETED in 97.1s | best val_loss=0.3097
MAE              : 0.1870
RMSE             : 0.6180
MAPE             : 6.20%
Directional Acc. : 44.68%
[trial 232] ✅ COMPLETED in 236.5s | best val_loss=0.2843
MAE              : 0.1978
RMSE             : 0.6185
MAPE             : 6.74%
Directional Acc. : 43.37%
[trial 233] ✅ COMPLETED in 73.0s | best val_loss=0.2952
MAE              : 0.1804
RMSE             : 0.6193
MAPE             : 5.79%
Directional Acc. : 44.68%
[trial 234] ✅ COMPLETED in 233.4s | best val_loss=0.2347
MAE              : 0.1930
RMSE             : 0.6140
MAPE             : 6.61%
Directional Acc. : 44.35%
[trial 235] ✅ COMPLETED in 67.9s | best val_loss=0.3064
MAE              : 0.1843
RMSE             : 0.6008
MAPE             : 6.12%
Directional Acc. : 44.35%
[trial 238] ✅ COMPLETED in 119.0s | best val_loss=0.2795
MAE              : 0.1846
RMSE             : 0.6210
MAPE             : 5.98%
Directional Acc. : 44.68%
[trial 240] ✅ COMPLETED in 73.3s | best val_loss=0.2954
MAE              : 0.1969
RMSE             : 0.5892
MAPE             : 6.94%
Directional Acc. : 43.70%
[trial 241] ✅ COMPLETED in 146.4s | best val_loss=0.2586
MAE              : 0.2089
RMSE             : 0.6066
MAPE             : 7.57%
Directional Acc. : 44.03%
[trial 243] ✅ COMPLETED in 98.7s | best val_loss=0.2870
MAE              : 0.1949
RMSE             : 0.6414
MAPE             : 6.29%
Directional Acc. : 44.03%
[trial 244] ✅ COMPLETED in 135.9s | best val_loss=0.2554
MAE              : 0.1817
RMSE             : 0.6241
MAPE             : 5.83%
Directional Acc. : 44.19%
[trial 245] ✅ COMPLETED in 90.5s | best val_loss=0.2972
MAE              : 0.1823
RMSE             : 0.6035
MAPE             : 5.98%
Directional Acc. : 45.01%
[trial 247] ✅ COMPLETED in 105.3s | best val_loss=0.2738
MAE              : 0.1845
RMSE             : 0.6205
MAPE             : 5.99%
Directional Acc. : 43.54%
[trial 248] ✅ COMPLETED in 74.1s | best val_loss=0.3077
MAE              : 0.1848
RMSE             : 0.6236
MAPE             : 5.89%
Directional Acc. : 44.19%
[trial 250] ✅ COMPLETED in 75.1s | best val_loss=0.3191
MAE              : 0.1799
RMSE             : 0.6254
MAPE             : 5.69%
Directional Acc. : 43.37%
[trial 261] ✅ COMPLETED in 118.3s | best val_loss=0.2654
MAE              : 0.1967
RMSE             : 0.6160
MAPE             : 6.60%
Directional Acc. : 44.03%
[trial 262] ✅ COMPLETED in 140.5s | best val_loss=0.2624
MAE              : 0.1797
RMSE             : 0.6224
MAPE             : 5.74%
Directional Acc. : 43.37%
[trial 263] ✅ COMPLETED in 131.2s | best val_loss=0.2580
MAE              : 0.1861
RMSE             : 0.6024
MAPE             : 5.95%
Directional Acc. : 43.70%
[trial 264] ✅ COMPLETED in 122.4s | best val_loss=0.2440
MAE              : 0.1997
RMSE             : 0.6372
MAPE             : 6.30%
Directional Acc. : 43.21%
[trial 268] ✅ COMPLETED in 120.2s | best val_loss=0.2449
MAE              : 0.1917
RMSE             : 0.6398
MAPE             : 6.16%
Directional Acc. : 44.19%
[trial 269] ✅ COMPLETED in 124.4s | best val_loss=0.2809
MAE              : 0.1843
RMSE             : 0.6311
MAPE             : 5.90%
Directional Acc. : 44.84%
[trial 270] ✅ COMPLETED in 123.7s | best val_loss=0.2503
MAE              : 0.2022
RMSE             : 0.6212
MAPE             : 6.92%
Directional Acc. : 43.54%
[trial 274] ✅ COMPLETED in 110.6s | best val_loss=0.2751
MAE              : 0.1833
RMSE             : 0.6290
MAPE             : 5.72%
Directional Acc. : 43.86%
[trial 276] ✅ COMPLETED in 100.4s | best val_loss=0.2395
MAE              : 0.1887
RMSE             : 0.6619
MAPE             : 6.01%
Directional Acc. : 44.03%
[trial 277] ✅ COMPLETED in 86.2s | best val_loss=0.3112
MAE              : 0.1881
RMSE             : 0.6311
MAPE             : 5.96%
Directional Acc. : 44.19%
[trial 278] ✅ COMPLETED in 73.1s | best val_loss=0.2709
MAE              : 0.1802
RMSE             : 0.6186
MAPE             : 5.61%
Directional Acc. : 44.03%
[trial 281] ✅ COMPLETED in 153.8s | best val_loss=0.2805
MAE              : 0.1850
RMSE             : 0.6303
MAPE             : 5.94%
Directional Acc. : 43.86%
[trial 289] ✅ COMPLETED in 156.9s | best val_loss=0.2727
MAE              : 0.1979
RMSE             : 0.6028
MAPE             : 6.94%
Directional Acc. : 44.35%
[trial 290] ✅ COMPLETED in 119.2s | best val_loss=0.2872
MAE              : 0.1751
RMSE             : 0.6060
MAPE             : 5.54%
Directional Acc. : 45.34%
[trial 295] ✅ COMPLETED in 131.4s | best val_loss=0.2396
MAE              : 0.1954
RMSE             : 0.6331
MAPE             : 6.53%
Directional Acc. : 45.66%
[trial 297] ✅ COMPLETED in 130.5s | best val_loss=0.2661
MAE              : 0.1983
RMSE             : 0.6125
MAPE             : 6.70%
Directional Acc. : 43.86%
[trial 299] ✅ COMPLETED in 158.3s | best val_loss=0.2535
Best value (val_loss): 0.234662264585495
Best params: {'max_encoder_length': 90, 'batch_size': 32, 'learning_rate': 0.0007966696267739077, 'gradient_clip_val': 0.1, 'use_weight_decay': False, 'hidden_size': 192, 'attention_head_size': 8, 'hidden_continuous_size': 16, 'dropout': 0.13146528890322776, 'lstm_layers': 1}
Wrote trial summary: saved_results/20260114-115928_Price+Weather_tft/trial_summary.csv
==============================================
Completed: baseline_price_weather.py at Wed 14 Jan 19:52:42 GMT 2026
==============================================
